[debug] [2022-02-09T10:36:50.603Z] ----------------------------------------------------------------------
[debug] [2022-02-09T10:36:50.605Z] Command:       C:\Program Files\nodejs\node.exe C:\Users\ashish\AppData\Roaming\npm\node_modules\firebase-tools\lib\bin\firebase.js init
[debug] [2022-02-09T10:36:50.606Z] CLI Version:   10.1.5
[debug] [2022-02-09T10:36:50.606Z] Platform:      win32
[debug] [2022-02-09T10:36:50.606Z] Node Version:  v16.13.2
[debug] [2022-02-09T10:36:50.607Z] Time:          Wed Feb 09 2022 16:06:50 GMT+0530 (India Standard Time)
[debug] [2022-02-09T10:36:50.608Z] ----------------------------------------------------------------------
[debug] 
[debug] [2022-02-09T10:36:50.709Z] > command requires scopes: ["email","openid","https://www.googleapis.com/auth/cloudplatformprojects.readonly","https://www.googleapis.com/auth/firebase","https://www.googleapis.com/auth/cloud-platform"]
[debug] [2022-02-09T10:36:50.709Z] > authorizing via signed-in user (singhrishabhwork3@gmail.com)
[info] 
     ######## #### ########  ######## ########     ###     ######  ########
     ##        ##  ##     ## ##       ##     ##  ##   ##  ##       ##
     ######    ##  ########  ######   ########  #########  ######  ######
     ##        ##  ##    ##  ##       ##     ## ##     ##       ## ##
     ##       #### ##     ## ######## ########  ##     ##  ######  ########

You're about to initialize a Firebase project in this directory:

  C:\Users\ashish\Desktop\apps\disney-plus

Before we get started, keep in mind:

  * You are initializing within an existing Firebase project directory

[info] 
=== Project Setup
[info] 
[info] First, let's associate this project directory with a Firebase project.
[info] You can create multiple project aliases by running firebase use --add, 
[info] but for now we'll just set up a default project.
[info] 
[debug] [2022-02-09T10:36:56.095Z] Using project from CLI flag: disneyplus-clone-a33d5
[debug] [2022-02-09T10:36:56.098Z] >>> [apiv2][query] GET https://firebase.googleapis.com/v1beta1/projects/disneyplus-clone-a33d5 [none]
[debug] [2022-02-09T10:36:57.027Z] <<< [apiv2][status] GET https://firebase.googleapis.com/v1beta1/projects/disneyplus-clone-a33d5 403
[debug] [2022-02-09T10:36:57.027Z] <<< [apiv2][body] GET https://firebase.googleapis.com/v1beta1/projects/disneyplus-clone-a33d5 {"error":{"code":403,"message":"The caller does not have permission","status":"PERMISSION_DENIED"}}
[debug] [2022-02-09T10:36:57.028Z] HTTP Error: 403, The caller does not have permission
[debug] [2022-02-09T10:36:57.276Z] FirebaseError: HTTP Error: 403, The caller does not have permission
    at module.exports (C:\Users\ashish\AppData\Roaming\npm\node_modules\firebase-tools\lib\responseToError.js:38:12)
    at RetryOperation._fn (C:\Users\ashish\AppData\Roaming\npm\node_modules\firebase-tools\lib\apiv2.js:283:39)
    at processTicksAndRejections (node:internal/process/task_queues:96:5)
[error] 
[error] Error: Failed to get Firebase project disneyplus-clone-a33d5. Please make sure the project exists and your account has permission to access it.
